<?xml version="1.0" encoding="UTF-8"?>
<coverage generated="1752522191340" clover="3.2.0">
  <project timestamp="1752522191340" name="All files">
    <metrics statements="208" coveredstatements="32" conditionals="150" coveredconditionals="16" methods="41" coveredmethods="6" elements="399" coveredelements="54" complexity="0" loc="208" ncloc="208" packages="4" files="12" classes="12"/>
    <package name="src">
      <metrics statements="64" coveredstatements="19" conditionals="45" coveredconditionals="10" methods="7" coveredmethods="2"/>
      <file name="App.tsx" path="/home/runner/work/Azure-Service-Deployment-Web/Azure-Service-Deployment-Web/src/react/src/App.tsx">
        <metrics statements="50" coveredstatements="16" conditionals="35" coveredconditionals="4" methods="5" coveredmethods="2"/>
        <line num="14" count="1" type="stmt"/>
        <line num="16" count="1" type="stmt"/>
        <line num="17" count="1" type="stmt"/>
        <line num="18" count="1" type="stmt"/>
        <line num="19" count="1" type="stmt"/>
        <line num="20" count="1" type="stmt"/>
        <line num="21" count="1" type="stmt"/>
        <line num="22" count="1" type="stmt"/>
        <line num="23" count="1" type="stmt"/>
        <line num="25" count="1" type="stmt"/>
        <line num="27" count="1" type="stmt"/>
        <line num="28" count="0" type="stmt"/>
        <line num="29" count="0" type="stmt"/>
        <line num="32" count="1" type="stmt"/>
        <line num="33" count="0" type="stmt"/>
        <line num="34" count="0" type="stmt"/>
        <line num="35" count="0" type="stmt"/>
        <line num="37" count="0" type="stmt"/>
        <line num="41" count="1" type="stmt"/>
        <line num="42" count="0" type="cond" truecount="0" falsecount="4"/>
        <line num="43" count="0" type="stmt"/>
        <line num="44" count="0" type="stmt"/>
        <line num="47" count="0" type="cond" truecount="0" falsecount="2"/>
        <line num="48" count="0" type="stmt"/>
        <line num="49" count="0" type="stmt"/>
        <line num="52" count="0" type="cond" truecount="0" falsecount="2"/>
        <line num="53" count="0" type="stmt"/>
        <line num="54" count="0" type="stmt"/>
        <line num="57" count="0" type="cond" truecount="0" falsecount="2"/>
        <line num="58" count="0" type="stmt"/>
        <line num="59" count="0" type="stmt"/>
        <line num="62" count="0" type="stmt"/>
        <line num="63" count="0" type="stmt"/>
        <line num="64" count="0" type="stmt"/>
        <line num="65" count="0" type="stmt"/>
        <line num="66" count="0" type="stmt"/>
        <line num="69" count="0" type="stmt"/>
        <line num="70" count="0" type="stmt"/>
        <line num="73" count="0" type="stmt"/>
        <line num="74" count="0" type="stmt"/>
        <line num="82" count="0" type="cond" truecount="0" falsecount="2"/>
        <line num="83" count="0" type="stmt"/>
        <line num="84" count="0" type="stmt"/>
        <line num="86" count="0" type="stmt"/>
        <line num="87" count="0" type="cond" truecount="0" falsecount="2"/>
        <line num="90" count="0" type="stmt"/>
        <line num="91" count="0" type="cond" truecount="0" falsecount="2"/>
        <line num="95" count="1" type="cond" truecount="1" falsecount="5"/>
        <line num="97" count="1" type="stmt"/>
        <line num="167" count="1" type="stmt"/>
      </file>
      <file name="authConfig.ts" path="/home/runner/work/Azure-Service-Deployment-Web/Azure-Service-Deployment-Web/src/react/src/authConfig.ts">
        <metrics statements="3" coveredstatements="3" conditionals="6" coveredconditionals="6" methods="0" coveredmethods="0"/>
        <line num="4" count="1" type="stmt"/>
        <line num="17" count="1" type="stmt"/>
        <line num="25" count="1" type="stmt"/>
      </file>
      <file name="index.tsx" path="/home/runner/work/Azure-Service-Deployment-Web/Azure-Service-Deployment-Web/src/react/src/index.tsx">
        <metrics statements="3" coveredstatements="0" conditionals="0" coveredconditionals="0" methods="0" coveredmethods="0"/>
        <line num="7" count="0" type="stmt"/>
        <line num="10" count="0" type="stmt"/>
        <line num="19" count="0" type="stmt"/>
      </file>
      <file name="reportWebVitals.ts" path="/home/runner/work/Azure-Service-Deployment-Web/Azure-Service-Deployment-Web/src/react/src/reportWebVitals.ts">
        <metrics statements="8" coveredstatements="0" conditionals="4" coveredconditionals="0" methods="2" coveredmethods="0"/>
        <line num="3" count="0" type="stmt"/>
        <line num="4" count="0" type="cond" truecount="0" falsecount="4"/>
        <line num="5" count="0" type="stmt"/>
        <line num="6" count="0" type="stmt"/>
        <line num="7" count="0" type="stmt"/>
        <line num="8" count="0" type="stmt"/>
        <line num="9" count="0" type="stmt"/>
        <line num="10" count="0" type="stmt"/>
      </file>
    </package>
    <package name="src.components">
      <metrics statements="90" coveredstatements="8" conditionals="75" coveredconditionals="1" methods="21" coveredmethods="1"/>
      <file name="DeploymentStatus.tsx" path="/home/runner/work/Azure-Service-Deployment-Web/Azure-Service-Deployment-Web/src/react/src/components/DeploymentStatus.tsx">
        <metrics statements="9" coveredstatements="1" conditionals="9" coveredconditionals="0" methods="2" coveredmethods="0"/>
        <line num="13" count="1" type="stmt"/>
        <line num="19" count="0" type="stmt"/>
        <line num="20" count="0" type="cond" truecount="0" falsecount="5"/>
        <line num="22" count="0" type="stmt"/>
        <line num="25" count="0" type="stmt"/>
        <line num="38" count="0" type="stmt"/>
        <line num="51" count="0" type="stmt"/>
        <line num="69" count="0" type="stmt"/>
        <line num="73" count="0" type="stmt"/>
      </file>
      <file name="FileUpload.tsx" path="/home/runner/work/Azure-Service-Deployment-Web/Azure-Service-Deployment-Web/src/react/src/components/FileUpload.tsx">
        <metrics statements="8" coveredstatements="1" conditionals="8" coveredconditionals="0" methods="3" coveredmethods="0"/>
        <line num="11" count="1" type="stmt"/>
        <line num="17" count="0" type="stmt"/>
        <line num="18" count="0" type="cond" truecount="0" falsecount="2"/>
        <line num="19" count="0" type="stmt"/>
        <line num="22" count="0" type="stmt"/>
        <line num="23" count="0" type="cond" truecount="0" falsecount="2"/>
        <line num="24" count="0" type="stmt"/>
        <line num="27" count="0" type="stmt"/>
      </file>
      <file name="LoginButton.tsx" path="/home/runner/work/Azure-Service-Deployment-Web/Azure-Service-Deployment-Web/src/react/src/components/LoginButton.tsx">
        <metrics statements="11" coveredstatements="6" conditionals="4" coveredconditionals="1" methods="5" coveredmethods="1"/>
        <line num="6" count="1" type="stmt"/>
        <line num="7" count="1" type="stmt"/>
        <line num="9" count="1" type="stmt"/>
        <line num="10" count="0" type="stmt"/>
        <line num="11" count="0" type="stmt"/>
        <line num="15" count="1" type="stmt"/>
        <line num="16" count="0" type="stmt"/>
        <line num="17" count="0" type="stmt"/>
        <line num="21" count="1" type="cond" truecount="1" falsecount="1"/>
        <line num="22" count="0" type="stmt"/>
        <line num="34" count="1" type="stmt"/>
      </file>
      <file name="ResourceGroupSelector.tsx" path="/home/runner/work/Azure-Service-Deployment-Web/Azure-Service-Deployment-Web/src/react/src/components/ResourceGroupSelector.tsx">
        <metrics statements="32" coveredstatements="0" conditionals="29" coveredconditionals="0" methods="6" coveredmethods="0"/>
        <line num="13" count="0" type="stmt"/>
        <line num="19" count="0" type="stmt"/>
        <line num="20" count="0" type="stmt"/>
        <line num="21" count="0" type="stmt"/>
        <line num="23" count="0" type="stmt"/>
        <line num="24" count="0" type="stmt"/>
        <line num="25" count="0" type="cond" truecount="0" falsecount="4"/>
        <line num="26" count="0" type="stmt"/>
        <line num="27" count="0" type="stmt"/>
        <line num="28" count="0" type="stmt"/>
        <line num="29" count="0" type="stmt"/>
        <line num="32" count="0" type="stmt"/>
        <line num="33" count="0" type="stmt"/>
        <line num="35" count="0" type="stmt"/>
        <line num="36" count="0" type="stmt"/>
        <line num="37" count="0" type="stmt"/>
        <line num="38" count="0" type="stmt"/>
        <line num="41" count="0" type="cond" truecount="0" falsecount="4"/>
        <line num="42" count="0" type="stmt"/>
        <line num="45" count="0" type="cond" truecount="0" falsecount="2"/>
        <line num="46" count="0" type="stmt"/>
        <line num="47" count="0" type="stmt"/>
        <line num="48" count="0" type="stmt"/>
        <line num="50" count="0" type="stmt"/>
        <line num="54" count="0" type="stmt"/>
        <line num="57" count="0" type="stmt"/>
        <line num="58" count="0" type="stmt"/>
        <line num="59" count="0" type="cond" truecount="0" falsecount="2"/>
        <line num="62" count="0" type="cond" truecount="0" falsecount="4"/>
        <line num="63" count="0" type="stmt"/>
        <line num="75" count="0" type="stmt"/>
        <line num="103" count="0" type="stmt"/>
      </file>
      <file name="SubscriptionSelector.tsx" path="/home/runner/work/Azure-Service-Deployment-Web/Azure-Service-Deployment-Web/src/react/src/components/SubscriptionSelector.tsx">
        <metrics statements="30" coveredstatements="0" conditionals="25" coveredconditionals="0" methods="5" coveredmethods="0"/>
        <line num="12" count="0" type="stmt"/>
        <line num="17" count="0" type="stmt"/>
        <line num="18" count="0" type="stmt"/>
        <line num="19" count="0" type="stmt"/>
        <line num="21" count="0" type="stmt"/>
        <line num="22" count="0" type="stmt"/>
        <line num="23" count="0" type="cond" truecount="0" falsecount="2"/>
        <line num="24" count="0" type="stmt"/>
        <line num="25" count="0" type="stmt"/>
        <line num="26" count="0" type="stmt"/>
        <line num="29" count="0" type="stmt"/>
        <line num="30" count="0" type="stmt"/>
        <line num="32" count="0" type="stmt"/>
        <line num="33" count="0" type="stmt"/>
        <line num="34" count="0" type="stmt"/>
        <line num="35" count="0" type="stmt"/>
        <line num="38" count="0" type="cond" truecount="0" falsecount="4"/>
        <line num="39" count="0" type="stmt"/>
        <line num="42" count="0" type="cond" truecount="0" falsecount="2"/>
        <line num="43" count="0" type="stmt"/>
        <line num="44" count="0" type="stmt"/>
        <line num="46" count="0" type="stmt"/>
        <line num="50" count="0" type="stmt"/>
        <line num="53" count="0" type="stmt"/>
        <line num="54" count="0" type="stmt"/>
        <line num="55" count="0" type="cond" truecount="0" falsecount="2"/>
        <line num="58" count="0" type="cond" truecount="0" falsecount="2"/>
        <line num="59" count="0" type="stmt"/>
        <line num="62" count="0" type="stmt"/>
        <line num="90" count="0" type="stmt"/>
      </file>
    </package>
    <package name="src.hooks">
      <metrics statements="14" coveredstatements="0" conditionals="8" coveredconditionals="0" methods="3" coveredmethods="0"/>
      <file name="useAzureCredential.ts" path="/home/runner/work/Azure-Service-Deployment-Web/Azure-Service-Deployment-Web/src/react/src/hooks/useAzureCredential.ts">
        <metrics statements="14" coveredstatements="0" conditionals="8" coveredconditionals="0" methods="3" coveredmethods="0"/>
        <line num="9" count="0" type="stmt"/>
        <line num="10" count="0" type="stmt"/>
        <line num="11" count="0" type="cond" truecount="0" falsecount="2"/>
        <line num="12" count="0" type="stmt"/>
        <line num="15" count="0" type="cond" truecount="0" falsecount="2"/>
        <line num="16" count="0" type="stmt"/>
        <line num="22" count="0" type="stmt"/>
        <line num="27" count="0" type="stmt"/>
        <line num="28" count="0" type="stmt"/>
        <line num="33" count="0" type="stmt"/>
        <line num="34" count="0" type="stmt"/>
        <line num="36" count="0" type="cond" truecount="0" falsecount="2"/>
        <line num="37" count="0" type="stmt"/>
        <line num="40" count="0" type="stmt"/>
      </file>
    </package>
    <package name="src.services">
      <metrics statements="40" coveredstatements="5" conditionals="22" coveredconditionals="5" methods="10" coveredmethods="3"/>
      <file name="azureDeploymentService.ts" path="/home/runner/work/Azure-Service-Deployment-Web/Azure-Service-Deployment-Web/src/react/src/services/azureDeploymentService.ts">
        <metrics statements="19" coveredstatements="4" conditionals="7" coveredconditionals="5" methods="4" coveredmethods="2"/>
        <line num="24" count="4" type="stmt"/>
        <line num="34" count="5" type="cond" truecount="5" falsecount="0"/>
        <line num="35" count="1" type="stmt"/>
        <line num="39" count="4" type="stmt"/>
        <line num="43" count="0" type="stmt"/>
        <line num="45" count="0" type="stmt"/>
        <line num="48" count="0" type="stmt"/>
        <line num="50" count="0" type="stmt"/>
        <line num="58" count="0" type="stmt"/>
        <line num="60" count="0" type="stmt"/>
        <line num="66" count="0" type="stmt"/>
        <line num="73" count="0" type="stmt"/>
        <line num="74" count="0" type="stmt"/>
        <line num="84" count="0" type="stmt"/>
        <line num="85" count="0" type="stmt"/>
        <line num="86" count="0" type="stmt"/>
        <line num="90" count="0" type="stmt"/>
        <line num="92" count="0" type="stmt"/>
        <line num="93" count="0" type="stmt"/>
      </file>
      <file name="azureResourceDiscoveryService.ts" path="/home/runner/work/Azure-Service-Deployment-Web/Azure-Service-Deployment-Web/src/react/src/services/azureResourceDiscoveryService.ts">
        <metrics statements="21" coveredstatements="1" conditionals="15" coveredconditionals="0" methods="6" coveredmethods="1"/>
        <line num="21" count="1" type="stmt"/>
        <line num="28" count="0" type="stmt"/>
        <line num="29" count="0" type="stmt"/>
        <line num="30" count="0" type="stmt"/>
        <line num="33" count="0" type="stmt"/>
        <line num="34" count="0" type="cond" truecount="0" falsecount="4"/>
        <line num="35" count="0" type="stmt"/>
        <line num="44" count="0" type="stmt"/>
        <line num="45" count="0" type="stmt"/>
        <line num="46" count="0" type="stmt"/>
        <line num="48" count="0" type="stmt"/>
        <line num="49" count="0" type="cond" truecount="0" falsecount="2"/>
        <line num="57" count="0" type="stmt"/>
        <line num="58" count="0" type="stmt"/>
        <line num="59" count="0" type="stmt"/>
        <line num="62" count="0" type="stmt"/>
        <line num="63" count="0" type="cond" truecount="0" falsecount="5"/>
        <line num="64" count="0" type="stmt"/>
        <line num="72" count="0" type="stmt"/>
        <line num="74" count="0" type="stmt"/>
        <line num="75" count="0" type="cond" truecount="0" falsecount="2"/>
      </file>
    </package>
  </project>
</coverage>
